e:\llvm-zip-build\parserrep\parser\x64\debug\vc142.pdb
e:\llvm-zip-build\parserrep\parser\x64\debug\vc142.idb
e:\llvm-zip-build\parserrep\parser\x64\debug\funcdefineast.obj
e:\llvm-zip-build\parserrep\parser\x64\debug\funccallstmtast.obj
e:\llvm-zip-build\parserrep\parser\x64\debug\mylexer.obj
e:\llvm-zip-build\parserrep\parser\x64\debug\reader.obj
e:\llvm-zip-build\parserrep\parser\x64\debug\productionsym.obj
e:\llvm-zip-build\parserrep\parser\x64\debug\production.obj
e:\llvm-zip-build\parserrep\parser\x64\debug\formalparalistast.obj
e:\llvm-zip-build\parserrep\parser\x64\debug\formalparaitemast.obj
e:\llvm-zip-build\parserrep\parser\x64\debug\explistast.obj
e:\llvm-zip-build\parserrep\parser\x64\debug\expast.obj
e:\llvm-zip-build\parserrep\parser\x64\debug\endast.obj
e:\llvm-zip-build\parserrep\parser\x64\debug\directtypespecifyast.obj
e:\llvm-zip-build\parserrep\parser\x64\debug\decvarnameast.obj
e:\llvm-zip-build\parserrep\parser\x64\debug\decexpast.obj
e:\llvm-zip-build\parserrep\parser\x64\debug\continuestmtast.obj
e:\llvm-zip-build\parserrep\parser\x64\debug\classproject.obj
e:\llvm-zip-build\parserrep\parser\x64\debug\charast.obj
e:\llvm-zip-build\parserrep\parser\x64\debug\breakstmtast.obj
e:\llvm-zip-build\parserrep\parser\x64\debug\ast.obj
e:\llvm-zip-build\parserrep\parser\x64\debug\assignstmtast.obj
e:\llvm-zip-build\parserrep\parser\x64\debug\stmtsast.obj
e:\llvm-zip-build\parserrep\parser\x64\debug\stmtast.obj
e:\llvm-zip-build\parserrep\parser\x64\debug\singlevardecast.obj
e:\llvm-zip-build\parserrep\parser\x64\debug\returnstmtast.obj
e:\llvm-zip-build\parserrep\parser\x64\debug\realparalistast.obj
e:\llvm-zip-build\parserrep\parser\x64\debug\realparaitemast.obj
e:\llvm-zip-build\parserrep\parser\x64\debug\realast.obj
e:\llvm-zip-build\parserrep\parser\x64\debug\programast.obj
e:\llvm-zip-build\parserrep\parser\x64\debug\pointertypespecifyast.obj
e:\llvm-zip-build\parserrep\parser\x64\debug\pointerast.obj
e:\llvm-zip-build\parserrep\parser\x64\debug\othersymast.obj
e:\llvm-zip-build\parserrep\parser\x64\debug\operatorast.obj
e:\llvm-zip-build\parserrep\parser\x64\debug\numberast.obj
e:\llvm-zip-build\parserrep\parser\x64\debug\myparser.obj
e:\llvm-zip-build\parserrep\parser\x64\debug\main.obj
e:\llvm-zip-build\parserrep\parser\x64\debug\intast.obj
e:\llvm-zip-build\parserrep\parser\x64\debug\ifstmtast.obj
e:\llvm-zip-build\parserrep\parser\x64\debug\idlistast.obj
e:\llvm-zip-build\parserrep\parser\x64\debug\iditemast.obj
e:\llvm-zip-build\parserrep\parser\x64\debug\identifierast.obj
e:\llvm-zip-build\parserrep\parser\x64\debug\whilestmtast.obj
e:\llvm-zip-build\parserrep\parser\x64\debug\varnameast.obj
e:\llvm-zip-build\parserrep\parser\x64\debug\varlistast.obj
e:\llvm-zip-build\parserrep\parser\x64\debug\variable.obj
e:\llvm-zip-build\parserrep\parser\x64\debug\vardecast.obj
e:\llvm-zip-build\parserrep\parser\x64\debug\vallistast.obj
e:\llvm-zip-build\parserrep\parser\x64\debug\valast.obj
e:\llvm-zip-build\parserrep\parser\x64\debug\unittest.obj
e:\llvm-zip-build\parserrep\parser\x64\debug\typespecifyast.obj
e:\llvm-zip-build\parserrep\parser\x64\debug\typeast.obj
e:\llvm-zip-build\parserrep\parser\x64\debug\structdecast.obj
e:\llvm-zip-build\parserrep\parser\x64\debug\struct.obj
e:\llvm-zip-build\parserrep\parser\x64\debug\stringast.obj
e:\llvm\llvm build\horizon_team\parser\x64\debug\vc142.pdb
e:\llvm\llvm build\horizon_team\parser\x64\debug\vc142.idb
e:\llvm-zip-build\build\x64\debug\parser.exe
e:\llvm-zip-build\build\x64\debug\parser.ilk
e:\llvm-zip-build\build\x64\debug\parser.pdb
e:\llvm\llvm build\horizon_team\parser\x64\debug\assignstmtast.obj
e:\llvm\llvm build\horizon_team\parser\x64\debug\ast.obj
e:\llvm\llvm build\horizon_team\parser\x64\debug\breakstmtast.obj
e:\llvm\llvm build\horizon_team\parser\x64\debug\charast.obj
e:\llvm\llvm build\horizon_team\parser\x64\debug\classproject.obj
e:\llvm\llvm build\horizon_team\parser\x64\debug\continuestmtast.obj
e:\llvm\llvm build\horizon_team\parser\x64\debug\decexpast.obj
e:\llvm\llvm build\horizon_team\parser\x64\debug\decvarnameast.obj
e:\llvm\llvm build\horizon_team\parser\x64\debug\directtypespecifyast.obj
e:\llvm\llvm build\horizon_team\parser\x64\debug\endast.obj
e:\llvm\llvm build\horizon_team\parser\x64\debug\expast.obj
e:\llvm\llvm build\horizon_team\parser\x64\debug\explistast.obj
e:\llvm\llvm build\horizon_team\parser\x64\debug\formalparaitemast.obj
e:\llvm\llvm build\horizon_team\parser\x64\debug\formalparalistast.obj
e:\llvm\llvm build\horizon_team\parser\x64\debug\funccallstmtast.obj
e:\llvm\llvm build\horizon_team\parser\x64\debug\funcdefineast.obj
e:\llvm\llvm build\horizon_team\parser\x64\debug\identifierast.obj
e:\llvm\llvm build\horizon_team\parser\x64\debug\iditemast.obj
e:\llvm\llvm build\horizon_team\parser\x64\debug\idlistast.obj
e:\llvm\llvm build\horizon_team\parser\x64\debug\ifstmtast.obj
e:\llvm\llvm build\horizon_team\parser\x64\debug\intast.obj
e:\llvm\llvm build\horizon_team\parser\x64\debug\main.obj
e:\llvm\llvm build\horizon_team\parser\x64\debug\mylexer.obj
e:\llvm\llvm build\horizon_team\parser\x64\debug\myparser.obj
e:\llvm\llvm build\horizon_team\parser\x64\debug\numberast.obj
e:\llvm\llvm build\horizon_team\parser\x64\debug\operatorast.obj
e:\llvm\llvm build\horizon_team\parser\x64\debug\othersymast.obj
e:\llvm\llvm build\horizon_team\parser\x64\debug\pointerast.obj
e:\llvm\llvm build\horizon_team\parser\x64\debug\pointertypespecifyast.obj
e:\llvm\llvm build\horizon_team\parser\x64\debug\production.obj
e:\llvm\llvm build\horizon_team\parser\x64\debug\productionsym.obj
e:\llvm\llvm build\horizon_team\parser\x64\debug\programast.obj
e:\llvm\llvm build\horizon_team\parser\x64\debug\reader.obj
e:\llvm\llvm build\horizon_team\parser\x64\debug\realast.obj
e:\llvm\llvm build\horizon_team\parser\x64\debug\realparaitemast.obj
e:\llvm\llvm build\horizon_team\parser\x64\debug\realparalistast.obj
e:\llvm\llvm build\horizon_team\parser\x64\debug\returnstmtast.obj
e:\llvm\llvm build\horizon_team\parser\x64\debug\singlevardecast.obj
e:\llvm\llvm build\horizon_team\parser\x64\debug\stmtast.obj
e:\llvm\llvm build\horizon_team\parser\x64\debug\stmtsast.obj
e:\llvm\llvm build\horizon_team\parser\x64\debug\stringast.obj
e:\llvm\llvm build\horizon_team\parser\x64\debug\struct.obj
e:\llvm\llvm build\horizon_team\parser\x64\debug\structdecast.obj
e:\llvm\llvm build\horizon_team\parser\x64\debug\typeast.obj
e:\llvm\llvm build\horizon_team\parser\x64\debug\typespecifyast.obj
e:\llvm\llvm build\horizon_team\parser\x64\debug\unittest.obj
e:\llvm\llvm build\horizon_team\parser\x64\debug\valast.obj
e:\llvm\llvm build\horizon_team\parser\x64\debug\vallistast.obj
e:\llvm\llvm build\horizon_team\parser\x64\debug\vardecast.obj
e:\llvm\llvm build\horizon_team\parser\x64\debug\variable.obj
e:\llvm\llvm build\horizon_team\parser\x64\debug\varlistast.obj
e:\llvm\llvm build\horizon_team\parser\x64\debug\varnameast.obj
e:\llvm\llvm build\horizon_team\parser\x64\debug\whilestmtast.obj
e:\llvm\llvm build\x64\debug\parser.pdb
e:\llvm\llvm build\x64\debug\parser.exe
e:\llvm\llvm build\x64\debug\parser.ilk
e:\llvm\llvm build\horizon_team\parser\x64\debug\parser.tlog\cl.command.1.tlog
e:\llvm\llvm build\horizon_team\parser\x64\debug\parser.tlog\cl.read.1.tlog
e:\llvm\llvm build\horizon_team\parser\x64\debug\parser.tlog\cl.write.1.tlog
e:\llvm\llvm build\horizon_team\parser\x64\debug\parser.tlog\link.command.1.tlog
e:\llvm\llvm build\horizon_team\parser\x64\debug\parser.tlog\link.read.1.tlog
e:\llvm\llvm build\horizon_team\parser\x64\debug\parser.tlog\link.write.1.tlog
